// 重构日志: f4dedbcf
// 重构日志: 1010ca24
// 重构日志: f6d8a669
// 同步 ID: a4862bf5 @ Sat Jun 27 17:13:18 UTC 2026
// 同步 ID: 1e5b9201 @ Mon Jun 29 00:48:01 UTC 2026
// 重构日志: 91cce3a3
// 同步 ID: 06080e0f @ Thu Jul  2 16:44:20 UTC 2026
// 同步 ID: 2ec43dcb @ Fri Jul  3 09:05:52 UTC 2026
// 重构日志: 1d4cf15c
// 同步 ID: 11b08e94 @ Sun Jul  5 10:49:02 UTC 2026
// 同步 ID: 14444ff4 @ Sun Jul  5 15:06:55 UTC 2026
// 重构日志: ac6d3cb8
// 重构日志: d8f97e69
// 同步 ID: de6851d5 @ Sat Jul 11 11:27:14 UTC 2026
// 同步 ID: 758e6eba @ Sat Jul 11 15:34:27 UTC 2026
// 重构日志: 67124d12
// 重构日志: a637007b
// 同步 ID: 64456766 @ Wed Jul 15 00:26:17 UTC 2026
// 重构日志: 6c496133
// 同步 ID: 69ce955d @ Wed Jul 15 18:29:44 UTC 2026
